<?xml version="1.0" encoding="UTF-8"?>
<testng-results ignored="0" total="1" passed="1" failed="0" skipped="0">
  <reporter-output>
  </reporter-output>
  <suite started-at="2024-04-11T16:21:14 IST" name="Default suite" finished-at="2024-04-11T16:21:22 IST" duration-ms="8045">
    <groups>
    </groups>
    <test started-at="2024-04-11T16:21:14 IST" name="Default test" finished-at="2024-04-11T16:21:22 IST" duration-ms="8045">
      <class name="CreateAddress.NewAdddress">
        <test-method signature="testApi()[pri:0, instance:CreateAddress.NewAdddress@1cbb87f3]" started-at="2024-04-11T16:21:14 IST" name="testApi" finished-at="2024-04-11T16:21:22 IST" duration-ms="8011" status="PASS">
          <reporter-output>
          </reporter-output>
        </test-method> <!-- testApi -->
      </class> <!-- CreateAddress.NewAdddress -->
    </test> <!-- Default test -->
  </suite> <!-- Default suite -->
</testng-results>
